<?xml version="1.0" encoding="UTF-8"?>
<!-- Generated by org.testng.reporters.JUnitReportReporter -->
<testsuite hostname="faheem-HP-ProBook-4530s" failures="0" tests="1" name="org.automationtesting.SeleniumProject.App" time="4.206" errors="0" timestamp="2021-01-24T21:53:08 CET" skipped="0">
  <testcase classname="org.automationtesting.SeleniumProject.App" name="sampleAutomation" time="4.206"/>
  <system-out/>
</testsuite> <!-- org.automationtesting.SeleniumProject.App -->
